Script directory: /mnt/iusers01/fatpou01/compsci01/n70579mp/scratch/prednet_mujoco
wandb: [wandb.login()] Loaded credentials for https://api.wandb.ai from /mnt/iusers01/fatpou01/compsci01/n70579mp/.netrc.
wandb: Currently logged in as: maytusp to https://api.wandb.ai. Use `wandb login --relogin` to force relogin
wandb: Tracking run with wandb version 0.27.0
wandb: Run data is saved locally in /net/scratch/n70579mp/prednet_mujoco/wandb/run-20260523_183724-a7g0weqw
wandb: Run `wandb offline` to turn off syncing.
wandb: Syncing run CheetahRun-sac_sf-cont-20260523-183724-jax_sac_sf_cont_dmc_seed1
wandb: ⭐️ View project at https://wandb.ai/maytusp/prednet_rl
wandb: 🚀 View run at https://wandb.ai/maytusp/prednet_rl/runs/a7g0weqw
Continual task sequence: ['CheetahRun', 'CheetahRunBackward', 'CheetahRunFast', 'CheetahFlip'] x 1
Logs are being stored in: /net/scratch/n70579mp/prednet_mujoco/logs/jax_sac_sf_cont_dmc/CheetahRun-sac_sf-cont-20260523-183724-jax_sac_sf_cont_dmc_seed1

=== Phase 0: exposure=0 task=0 env=CheetahRun ===
0: CheetahRun reward=33.112
1118464: CheetahRun reward=4.764
2228736: CheetahRun reward=3.620
3339008: CheetahRun reward=2.056
4449280: CheetahRun reward=4.490
5559552: CheetahRun reward=4.062
6669824: CheetahRun reward=14.082
7780096: CheetahRun reward=3.644
8890368: CheetahRun reward=3.217
10000640: CheetahRun reward=1.778

=== Phase 1: exposure=0 task=1 env=CheetahRunBackward ===
Traceback (most recent call last):
  File "/net/scratch/n70579mp/prednet_mujoco/learning/train_jax_sac_cont.py", line 416, in <module>
    run()
  File "/net/scratch/n70579mp/prednet_mujoco/learning/train_jax_sac_cont.py", line 412, in run
    app.run(main)
  File "/mnt/iusers01/fatpou01/compsci01/n70579mp/.conda/envs/mjcp/lib/python3.12/site-packages/absl/app.py", line 367, in run
    _run_main(main, args)
  File "/mnt/iusers01/fatpou01/compsci01/n70579mp/.conda/envs/mjcp/lib/python3.12/site-packages/absl/app.py", line 312, in _run_main
    sys.exit(main(argv))
             ^^^^^^^^^^
  File "/net/scratch/n70579mp/prednet_mujoco/learning/train_jax_sac_cont.py", line 380, in main
    make_policy, restore_params, _ = train_module.train(
                                     ^^^^^^^^^^^^^^^^^^^
  File "/net/scratch/n70579mp/prednet_mujoco/learning/custombrax/training/agents/sac_sf_simple/train.py", line 585, in train
    _unpmap(
  File "/net/scratch/n70579mp/prednet_mujoco/learning/custombrax/training/agents/sac_sf_simple/train.py", line 72, in _unpmap
    return jax.tree_util.tree_map(
           ^^^^^^^^^^^^^^^^^^^^^^^
  File "/mnt/iusers01/fatpou01/compsci01/n70579mp/.conda/envs/mjcp/lib/python3.12/site-packages/jax/_src/tree_util.py", line 394, in tree_map
    return treedef.unflatten(f(*xs) for xs in zip(*all_leaves))
           ^^^^^^^^^^^^^^^^^^^^^^^^^^^^^^^^^^^^^^^^^^^^^^^^^^^^
  File "/mnt/iusers01/fatpou01/compsci01/n70579mp/.conda/envs/mjcp/lib/python3.12/site-packages/jax/_src/tree_util.py", line 394, in <genexpr>
    return treedef.unflatten(f(*xs) for xs in zip(*all_leaves))
                             ^^^^^^
  File "/net/scratch/n70579mp/prednet_mujoco/learning/custombrax/training/agents/sac_sf_simple/train.py", line 73, in <lambda>
    lambda x: x.addressable_shards[0].data.squeeze(0), v
              ^^^^^^^^^^^^^^^^^^^^^^^^^^^^^^^^^^^^^^^
  File "/mnt/iusers01/fatpou01/compsci01/n70579mp/.conda/envs/mjcp/lib/python3.12/site-packages/jax/_src/numpy/array_methods.py", line 418, in _squeeze
    return lax_numpy.squeeze(self, axis=axis)
           ^^^^^^^^^^^^^^^^^^^^^^^^^^^^^^^^^^
  File "/mnt/iusers01/fatpou01/compsci01/n70579mp/.conda/envs/mjcp/lib/python3.12/site-packages/jax/_src/numpy/lax_numpy.py", line 2327, in squeeze
    return _squeeze(arr, _ensure_index_tuple(axis) if axis is not None else None)
           ^^^^^^^^^^^^^^^^^^^^^^^^^^^^^^^^^^^^^^^^^^^^^^^^^^^^^^^^^^^^^^^^^^^^^^
  File "/mnt/iusers01/fatpou01/compsci01/n70579mp/.conda/envs/mjcp/lib/python3.12/site-packages/jax/_src/numpy/lax_numpy.py", line 2337, in _squeeze
    return lax.squeeze(a, axis)
           ^^^^^^^^^^^^^^^^^^^^
ValueError: cannot select an axis to squeeze out which has size not equal to one, got shape=(17,) and dimensions=(0,)
--------------------
For simplicity, JAX has removed its internal frames from the traceback of the following exception. Set JAX_TRACEBACK_FILTERING=off to include these.
[1;34mwandb[0m: 
[1;34mwandb[0m: 🚀 View run [33mCheetahRun-sac_sf-cont-20260523-183724-jax_sac_sf_cont_dmc_seed1[0m at: [34mhttps://wandb.ai/maytusp/prednet_rl/runs/a7g0weqw[0m
[1;34mwandb[0m: Find logs at: [1;35m../../../../../../../net/scratch/n70579mp/prednet_mujoco/wandb/run-20260523_183724-a7g0weqw/logs[0m
